[00:12:41] [Server thread/INFO]: All players have been successfully backed up
[00:32:41] [Server thread/INFO]: All players have been successfully backed up
[00:52:41] [Server thread/INFO]: All players have been successfully backed up
[01:12:41] [Server thread/INFO]: All players have been successfully backed up
[01:32:41] [Server thread/INFO]: All players have been successfully backed up
[01:52:41] [Server thread/INFO]: All players have been successfully backed up
[02:12:41] [Server thread/INFO]: All players have been successfully backed up
[02:32:41] [Server thread/INFO]: All players have been successfully backed up
[02:52:41] [Server thread/INFO]: All players have been successfully backed up
[03:12:41] [Server thread/INFO]: All players have been successfully backed up
[03:32:41] [Server thread/INFO]: All players have been successfully backed up
[03:52:41] [Server thread/INFO]: All players have been successfully backed up
[04:12:41] [Server thread/INFO]: All players have been successfully backed up
[04:32:41] [Server thread/INFO]: All players have been successfully backed up
[04:52:41] [Server thread/INFO]: All players have been successfully backed up
[05:12:41] [Server thread/INFO]: All players have been successfully backed up
[05:32:41] [Server thread/INFO]: All players have been successfully backed up
[05:52:41] [Server thread/INFO]: All players have been successfully backed up
[06:12:41] [Server thread/INFO]: All players have been successfully backed up
[06:32:41] [Server thread/INFO]: All players have been successfully backed up
[06:52:41] [Server thread/INFO]: All players have been successfully backed up
[07:12:41] [Server thread/INFO]: All players have been successfully backed up
[07:32:41] [Server thread/INFO]: All players have been successfully backed up
[07:52:41] [Server thread/INFO]: All players have been successfully backed up
[08:12:41] [Server thread/INFO]: All players have been successfully backed up
[08:32:41] [Server thread/INFO]: All players have been successfully backed up
[08:52:41] [Server thread/INFO]: All players have been successfully backed up
[09:12:41] [Server thread/INFO]: All players have been successfully backed up
[09:32:41] [Server thread/INFO]: All players have been successfully backed up
[09:52:41] [Server thread/INFO]: All players have been successfully backed up
[10:12:41] [Server thread/INFO]: All players have been successfully backed up
[10:32:41] [Server thread/INFO]: All players have been successfully backed up
[10:52:41] [Server thread/INFO]: All players have been successfully backed up
[11:12:41] [Server thread/INFO]: All players have been successfully backed up
[11:32:41] [Server thread/INFO]: All players have been successfully backed up
[11:52:41] [Server thread/INFO]: All players have been successfully backed up
[12:12:41] [Server thread/INFO]: All players have been successfully backed up
[12:32:41] [Server thread/INFO]: All players have been successfully backed up
[12:52:41] [Server thread/INFO]: All players have been successfully backed up
[13:12:41] [Server thread/INFO]: All players have been successfully backed up
[13:32:41] [Server thread/INFO]: All players have been successfully backed up
[13:52:41] [Server thread/INFO]: All players have been successfully backed up
[14:12:41] [Server thread/INFO]: All players have been successfully backed up
[14:32:41] [Server thread/INFO]: All players have been successfully backed up
[14:52:41] [Server thread/INFO]: All players have been successfully backed up
[15:12:41] [Server thread/INFO]: All players have been successfully backed up
[15:32:41] [Server thread/INFO]: All players have been successfully backed up
[15:52:41] [Server thread/INFO]: All players have been successfully backed up
[16:12:41] [Server thread/INFO]: All players have been successfully backed up
[16:32:41] [Server thread/INFO]: All players have been successfully backed up
[16:52:41] [Server thread/INFO]: All players have been successfully backed up
[16:58:19] [Server thread/INFO]: Stopping the server
[16:58:19] [Server thread/INFO]: Stopping server
[16:58:19] [Server thread/INFO]: Saving players
[16:58:19] [Server thread/INFO]: Saving worlds
[16:58:19] [Server thread/INFO]: Saving chunks for level 'ServerLevel[world]'/minecraft:overworld
[16:58:19] [Server thread/INFO]: Saving chunks for level 'ServerLevel[world]'/minecraft:the_nether
[16:58:19] [Server thread/INFO]: Saving chunks for level 'ServerLevel[world]'/minecraft:the_end
[16:58:19] [Server thread/INFO]: Saving chunks for level 'ServerLevel[world]'/compactmachines:compact_world
[16:58:19] [Server thread/INFO]: Saving chunks for level 'ServerLevel[world]'/beyond_earth:venus
[16:58:19] [Server thread/INFO]: Saving chunks for level 'ServerLevel[world]'/mahoutsukai:reality_marble
[16:58:19] [Server thread/INFO]: Saving chunks for level 'ServerLevel[world]'/beyond_earth:mars
[16:58:19] [Server thread/INFO]: Saving chunks for level 'ServerLevel[world]'/beyond_earth:mercury
[16:58:19] [Server thread/INFO]: Saving chunks for level 'ServerLevel[world]'/dimdungeons:dungeon_dimension
[16:58:19] [Server thread/INFO]: Saving chunks for level 'ServerLevel[world]'/blue_skies:everdawn
[16:58:19] [Server thread/INFO]: Saving chunks for level 'ServerLevel[world]'/beyond_earth:mercury_orbit
[16:58:19] [Server thread/INFO]: Saving chunks for level 'ServerLevel[world]'/beyond_earth:mars_orbit
[16:58:19] [Server thread/INFO]: Saving chunks for level 'ServerLevel[world]'/beyond_earth:overworld_orbit
[16:58:19] [Server thread/INFO]: Saving chunks for level 'ServerLevel[world]'/blue_skies:everbright
[16:58:19] [Server thread/INFO]: Saving chunks for level 'ServerLevel[world]'/beyond_earth:moon_orbit
[16:58:19] [Server thread/INFO]: Saving chunks for level 'ServerLevel[world]'/beyond_earth:venus_orbit
[16:58:19] [Server thread/INFO]: Saving chunks for level 'ServerLevel[world]'/javd:void
[16:58:19] [Server thread/INFO]: Saving chunks for level 'ServerLevel[world]'/beyond_earth:moon
[16:58:19] [Server thread/INFO]: Saving chunks for level 'ServerLevel[world]'/jamd:mining
[16:58:20] [Server thread/INFO]: ThreadedAnvilChunkStorage (world): All chunks are saved
[16:58:20] [Server thread/INFO]: ThreadedAnvilChunkStorage (DIM-1): All chunks are saved
[16:58:20] [Server thread/INFO]: ThreadedAnvilChunkStorage (DIM1): All chunks are saved
[16:58:20] [Server thread/INFO]: ThreadedAnvilChunkStorage (compact_world): All chunks are saved
[16:58:20] [Server thread/INFO]: ThreadedAnvilChunkStorage (venus): All chunks are saved
[16:58:20] [Server thread/INFO]: ThreadedAnvilChunkStorage (reality_marble): All chunks are saved
[16:58:20] [Server thread/INFO]: ThreadedAnvilChunkStorage (mars): All chunks are saved
[16:58:20] [Server thread/INFO]: ThreadedAnvilChunkStorage (mercury): All chunks are saved
[16:58:20] [Server thread/INFO]: ThreadedAnvilChunkStorage (dungeon_dimension): All chunks are saved
[16:58:20] [Server thread/INFO]: ThreadedAnvilChunkStorage (everdawn): All chunks are saved
[16:58:20] [Server thread/INFO]: ThreadedAnvilChunkStorage (mercury_orbit): All chunks are saved
[16:58:20] [Server thread/INFO]: ThreadedAnvilChunkStorage (mars_orbit): All chunks are saved
[16:58:20] [Server thread/INFO]: ThreadedAnvilChunkStorage (overworld_orbit): All chunks are saved
[16:58:20] [Server thread/INFO]: ThreadedAnvilChunkStorage (everbright): All chunks are saved
[16:58:20] [Server thread/INFO]: ThreadedAnvilChunkStorage (moon_orbit): All chunks are saved
[16:58:20] [Server thread/INFO]: ThreadedAnvilChunkStorage (venus_orbit): All chunks are saved
[16:58:20] [Server thread/INFO]: ThreadedAnvilChunkStorage (void): All chunks are saved
[16:58:20] [Server thread/INFO]: ThreadedAnvilChunkStorage (moon): All chunks are saved
[16:58:20] [Server thread/INFO]: ThreadedAnvilChunkStorage (mining): All chunks are saved
[16:58:20] [Server thread/INFO]: ThreadedAnvilChunkStorage: All dimensions are saved
[16:58:20] [Server thread/INFO]: Thread Query Listener stopped
