[10:31:54] [modloading-worker-0/INFO] Registered plugin provider DefaultPlugin [roughlyenoughitems] for REIServerPlugin
[10:31:54] [modloading-worker-0/INFO] Registered plugin provider DefaultPlugin [roughlyenoughitems] for REIPlugin
[10:31:54] [modloading-worker-0/INFO] Registered plugin provider DefaultRuntimePlugin [roughlyenoughitems] for REIServerPlugin
[10:31:54] [modloading-worker-0/INFO] Registered plugin provider DefaultRuntimePlugin [roughlyenoughitems] for REIPlugin
[10:31:54] [modloading-worker-0/INFO] Registered plugin provider JEIExtraPlugin [roughlyenoughitems] for REIServerPlugin
[10:31:54] [modloading-worker-0/INFO] Registered plugin provider JEIExtraPlugin [roughlyenoughitems] for REIPlugin
[10:32:53] [Worker-Main-9/DEBUG] [START] Reloading Section: "pre-register/"
[10:32:53] [Worker-Main-9/DEBUG] [START] Reloading Section: "pre-register/DefaultPlugin [roughlyenoughitems]/"
[10:32:53] [Worker-Main-9/DEBUG] [START] Reloading Section: "pre-register/DefaultPlugin [roughlyenoughitems]/" done in 311.1 μs
[10:32:53] [Worker-Main-9/DEBUG] [START] Reloading Section: "pre-register/JEIExtraPlugin [roughlyenoughitems]/"
[10:32:53] [Worker-Main-9/DEBUG] [START] Reloading Section: "pre-register/JEIExtraPlugin [roughlyenoughitems]/" done in 16.19 μs
[10:32:53] [Worker-Main-9/DEBUG] [START] Reloading Section: "pre-register/DefaultRuntimePlugin [roughlyenoughitems]/"
[10:32:53] [Worker-Main-9/DEBUG] [START] Reloading Section: "pre-register/DefaultRuntimePlugin [roughlyenoughitems]/" done in 4.581 μs
[10:32:53] [Worker-Main-9/DEBUG] [START] Reloading Section: "pre-register/" done in 6.564 ms
[10:32:53] [Worker-Main-9/DEBUG] [START] Reloading Section: "pre-register/"
[10:32:53] [Worker-Main-9/DEBUG] [START] Reloading Section: "pre-register/DefaultPlugin [roughlyenoughitems]/"
[10:32:53] [Worker-Main-9/DEBUG] [START] Reloading Section: "pre-register/DefaultPlugin [roughlyenoughitems]/" done in 5.994 μs
[10:32:53] [Worker-Main-9/DEBUG] [START] Reloading Section: "pre-register/JEIExtraPlugin [roughlyenoughitems]/"
[10:32:53] [Worker-Main-9/DEBUG] [START] Reloading Section: "pre-register/JEIExtraPlugin [roughlyenoughitems]/" done in 3.800 μs
[10:32:53] [Worker-Main-9/DEBUG] [START] Reloading Section: "pre-register/DefaultRuntimePlugin [roughlyenoughitems]/"
[10:32:53] [Worker-Main-9/DEBUG] [START] Reloading Section: "pre-register/DefaultRuntimePlugin [roughlyenoughitems]/" done in 3.683 μs
[10:32:53] [Worker-Main-9/DEBUG] [START] Reloading Section: "pre-register/" done in 299.3 μs
[10:32:53] [Worker-Main-9/DEBUG] [START] Reloading Section: "start-reload/"
[10:32:53] [Worker-Main-9/DEBUG] [START] Reloading Section: "start-reload/EntryTypeRegistryImpl/"
[10:32:53] [Worker-Main-9/DEBUG] [START] Reloading Section: "start-reload/EntryTypeRegistryImpl/" done in 133.1 μs
[10:32:53] [Worker-Main-9/DEBUG] [START] Reloading Section: "start-reload/EntrySettingsAdapterRegistryImpl/"
[10:32:53] [Worker-Main-9/DEBUG] [START] Reloading Section: "start-reload/EntrySettingsAdapterRegistryImpl/" done in 6.458 μs
[10:32:53] [Worker-Main-9/DEBUG] [START] Reloading Section: "start-reload/RecipeManagerContextImpl/"
[10:32:53] [Worker-Main-9/DEBUG] [START] Reloading Section: "start-reload/RecipeManagerContextImpl/" done in 4.062 μs
[10:32:53] [Worker-Main-9/DEBUG] [START] Reloading Section: "start-reload/ItemComparatorRegistryImpl/"
[10:32:53] [Worker-Main-9/DEBUG] [START] Reloading Section: "start-reload/ItemComparatorRegistryImpl/" done in 15.94 μs
[10:32:53] [Worker-Main-9/DEBUG] [START] Reloading Section: "start-reload/FluidComparatorRegistryImpl/"
[10:32:53] [Worker-Main-9/DEBUG] [START] Reloading Section: "start-reload/FluidComparatorRegistryImpl/" done in 106.9 μs
[10:32:53] [Worker-Main-9/DEBUG] [START] Reloading Section: "start-reload/DisplaySerializerRegistryImpl/"
[10:32:53] [Worker-Main-9/DEBUG] [START] Reloading Section: "start-reload/DisplaySerializerRegistryImpl/" done in 4.206 μs
[10:32:53] [Worker-Main-9/DEBUG] [START] Reloading Section: "start-reload/FluidSupportProviderImpl/"
[10:32:53] [Worker-Main-9/DEBUG] [START] Reloading Section: "start-reload/FluidSupportProviderImpl/" done in 14.00 μs
[10:32:53] [Worker-Main-9/DEBUG] [START] Reloading Section: "start-reload/" done in 1.061 ms
[10:32:53] [Worker-Main-9/INFO] Reloading Plugin Manager [REIPlugin] stage [START], registered 3 plugins: DefaultRuntimePlugin [roughlyenoughitems], JEIExtraPlugin [roughlyenoughitems], DefaultPlugin [roughlyenoughitems]
[10:32:53] [Worker-Main-9/DEBUG] [START] Reloading Section: "reloadable-plugin/EntryTypeRegistryImpl/"
[10:32:53] [Worker-Main-9/DEBUG] [START] Reloading Section: "reloadable-plugin/EntryTypeRegistryImpl/DefaultPlugin [roughlyenoughitems]/"
[10:32:53] [Worker-Main-9/DEBUG] [START] Reloading Section: "reloadable-plugin/EntryTypeRegistryImpl/DefaultPlugin [roughlyenoughitems]/" done in 14.20 μs
[10:32:53] [Worker-Main-9/DEBUG] [START] Reloading Section: "reloadable-plugin/EntryTypeRegistryImpl/JEIExtraPlugin [roughlyenoughitems]/"
[10:32:53] [Worker-Main-9/DEBUG] [START] Reloading Section: "reloadable-plugin/EntryTypeRegistryImpl/JEIExtraPlugin [roughlyenoughitems]/" done in 5.231 μs
[10:32:53] [Worker-Main-9/DEBUG] [START] Reloading Section: "reloadable-plugin/EntryTypeRegistryImpl/DefaultRuntimePlugin [roughlyenoughitems]/"
[10:32:53] [Worker-Main-9/DEBUG] [START] Reloading Section: "reloadable-plugin/EntryTypeRegistryImpl/DefaultRuntimePlugin [roughlyenoughitems]/" done in 5.167 ms
[10:32:53] [Worker-Main-9/DEBUG] [START] Reloading Section: "reloadable-plugin/EntryTypeRegistryImpl/" done in 5.705 ms
[10:32:53] [Worker-Main-9/DEBUG] [START] Reloading Section: "reloadable-plugin/EntrySettingsAdapterRegistryImpl/"
[10:32:53] [Worker-Main-9/DEBUG] [START] Reloading Section: "reloadable-plugin/EntrySettingsAdapterRegistryImpl/DefaultPlugin [roughlyenoughitems]/"
[10:32:53] [Worker-Main-9/DEBUG] [START] Reloading Section: "reloadable-plugin/EntrySettingsAdapterRegistryImpl/DefaultPlugin [roughlyenoughitems]/" done in 5.707 μs
[10:32:53] [Worker-Main-9/DEBUG] [START] Reloading Section: "reloadable-plugin/EntrySettingsAdapterRegistryImpl/JEIExtraPlugin [roughlyenoughitems]/"
[10:32:53] [Worker-Main-9/DEBUG] [START] Reloading Section: "reloadable-plugin/EntrySettingsAdapterRegistryImpl/JEIExtraPlugin [roughlyenoughitems]/" done in 4.312 μs
[10:32:53] [Worker-Main-9/DEBUG] [START] Reloading Section: "reloadable-plugin/EntrySettingsAdapterRegistryImpl/DefaultRuntimePlugin [roughlyenoughitems]/"
[10:32:53] [Worker-Main-9/DEBUG] [START] Reloading Section: "reloadable-plugin/EntrySettingsAdapterRegistryImpl/DefaultRuntimePlugin [roughlyenoughitems]/" done in 4.267 μs
[10:32:53] [Worker-Main-9/DEBUG] [START] Reloading Section: "reloadable-plugin/EntrySettingsAdapterRegistryImpl/" done in 269.9 μs
[10:32:53] [Worker-Main-9/DEBUG] [START] Reloading Section: "reloadable-plugin/RecipeManagerContextImpl/"
[10:32:53] [Worker-Main-9/DEBUG] [START] Reloading Section: "reloadable-plugin/RecipeManagerContextImpl/DefaultPlugin [roughlyenoughitems]/"
[10:32:53] [Worker-Main-9/DEBUG] [START] Reloading Section: "reloadable-plugin/RecipeManagerContextImpl/DefaultPlugin [roughlyenoughitems]/" done in 3.951 μs
[10:32:53] [Worker-Main-9/DEBUG] [START] Reloading Section: "reloadable-plugin/RecipeManagerContextImpl/JEIExtraPlugin [roughlyenoughitems]/"
[10:32:53] [Worker-Main-9/DEBUG] [START] Reloading Section: "reloadable-plugin/RecipeManagerContextImpl/JEIExtraPlugin [roughlyenoughitems]/" done in 3.980 μs
[10:32:53] [Worker-Main-9/DEBUG] [START] Reloading Section: "reloadable-plugin/RecipeManagerContextImpl/DefaultRuntimePlugin [roughlyenoughitems]/"
[10:32:53] [Worker-Main-9/DEBUG] [START] Reloading Section: "reloadable-plugin/RecipeManagerContextImpl/DefaultRuntimePlugin [roughlyenoughitems]/" done in 4.065 μs
[10:32:53] [Worker-Main-9/DEBUG] [START] Reloading Section: "reloadable-plugin/RecipeManagerContextImpl/" done in 245.6 μs
[10:32:53] [Worker-Main-9/DEBUG] [START] Reloading Section: "reloadable-plugin/ItemComparatorRegistryImpl/"
[10:32:53] [Worker-Main-9/DEBUG] [START] Reloading Section: "reloadable-plugin/ItemComparatorRegistryImpl/DefaultPlugin [roughlyenoughitems]/"
[10:32:53] [Worker-Main-9/DEBUG] [START] Reloading Section: "reloadable-plugin/ItemComparatorRegistryImpl/DefaultPlugin [roughlyenoughitems]/" done in 384.4 μs
[10:32:53] [Worker-Main-9/DEBUG] [START] Reloading Section: "reloadable-plugin/ItemComparatorRegistryImpl/JEIExtraPlugin [roughlyenoughitems]/"
[10:32:53] [Worker-Main-9/DEBUG] [START] Reloading Section: "reloadable-plugin/ItemComparatorRegistryImpl/JEIExtraPlugin [roughlyenoughitems]/" done in 6.036 μs
[10:32:53] [Worker-Main-9/DEBUG] [START] Reloading Section: "reloadable-plugin/ItemComparatorRegistryImpl/DefaultRuntimePlugin [roughlyenoughitems]/"
[10:32:53] [Worker-Main-9/DEBUG] [START] Reloading Section: "reloadable-plugin/ItemComparatorRegistryImpl/DefaultRuntimePlugin [roughlyenoughitems]/" done in 4.451 μs
[10:32:53] [Worker-Main-9/DEBUG] [START] Reloading Section: "reloadable-plugin/ItemComparatorRegistryImpl/" done in 738.8 μs
[10:32:53] [Worker-Main-9/DEBUG] [START] Reloading Section: "reloadable-plugin/FluidComparatorRegistryImpl/"
[10:32:53] [Worker-Main-9/DEBUG] [START] Reloading Section: "reloadable-plugin/FluidComparatorRegistryImpl/DefaultPlugin [roughlyenoughitems]/"
[10:32:53] [Worker-Main-9/DEBUG] [START] Reloading Section: "reloadable-plugin/FluidComparatorRegistryImpl/DefaultPlugin [roughlyenoughitems]/" done in 7.858 μs
[10:32:53] [Worker-Main-9/DEBUG] [START] Reloading Section: "reloadable-plugin/FluidComparatorRegistryImpl/JEIExtraPlugin [roughlyenoughitems]/"
[10:32:53] [Worker-Main-9/DEBUG] [START] Reloading Section: "reloadable-plugin/FluidComparatorRegistryImpl/JEIExtraPlugin [roughlyenoughitems]/" done in 4.651 μs
[10:32:53] [Worker-Main-9/DEBUG] [START] Reloading Section: "reloadable-plugin/FluidComparatorRegistryImpl/DefaultRuntimePlugin [roughlyenoughitems]/"
[10:32:53] [Worker-Main-9/DEBUG] [START] Reloading Section: "reloadable-plugin/FluidComparatorRegistryImpl/DefaultRuntimePlugin [roughlyenoughitems]/" done in 4.437 μs
[10:32:53] [Worker-Main-9/DEBUG] [START] Reloading Section: "reloadable-plugin/FluidComparatorRegistryImpl/" done in 274.8 μs
[10:32:53] [Worker-Main-9/DEBUG] [START] Reloading Section: "reloadable-plugin/DisplaySerializerRegistryImpl/"
[10:32:53] [Worker-Main-9/DEBUG] [START] Reloading Section: "reloadable-plugin/DisplaySerializerRegistryImpl/DefaultPlugin [roughlyenoughitems]/"
[10:32:53] [Worker-Main-9/DEBUG] [START] Reloading Section: "reloadable-plugin/DisplaySerializerRegistryImpl/DefaultPlugin [roughlyenoughitems]/" done in 4.122 μs
[10:32:53] [Worker-Main-9/DEBUG] [START] Reloading Section: "reloadable-plugin/DisplaySerializerRegistryImpl/JEIExtraPlugin [roughlyenoughitems]/"
[10:32:53] [Worker-Main-9/DEBUG] [START] Reloading Section: "reloadable-plugin/DisplaySerializerRegistryImpl/JEIExtraPlugin [roughlyenoughitems]/" done in 4.161 μs
[10:32:53] [Worker-Main-9/DEBUG] [START] Reloading Section: "reloadable-plugin/DisplaySerializerRegistryImpl/DefaultRuntimePlugin [roughlyenoughitems]/"
[10:32:53] [Worker-Main-9/DEBUG] [START] Reloading Section: "reloadable-plugin/DisplaySerializerRegistryImpl/DefaultRuntimePlugin [roughlyenoughitems]/" done in 4.281 μs
[10:32:53] [Worker-Main-9/DEBUG] [START] Reloading Section: "reloadable-plugin/DisplaySerializerRegistryImpl/" done in 264.4 μs
[10:32:53] [Worker-Main-9/DEBUG] [START] Reloading Section: "reloadable-plugin/FluidSupportProviderImpl/"
[10:32:53] [Worker-Main-9/DEBUG] [START] Reloading Section: "reloadable-plugin/FluidSupportProviderImpl/DefaultPlugin [roughlyenoughitems]/"
[10:32:53] [Worker-Main-9/DEBUG] [START] Reloading Section: "reloadable-plugin/FluidSupportProviderImpl/DefaultPlugin [roughlyenoughitems]/" done in 745.3 μs
[10:32:53] [Worker-Main-9/DEBUG] [START] Reloading Section: "reloadable-plugin/FluidSupportProviderImpl/JEIExtraPlugin [roughlyenoughitems]/"
[10:32:53] [Worker-Main-9/DEBUG] [START] Reloading Section: "reloadable-plugin/FluidSupportProviderImpl/JEIExtraPlugin [roughlyenoughitems]/" done in 5.746 μs
[10:32:53] [Worker-Main-9/DEBUG] [START] Reloading Section: "reloadable-plugin/FluidSupportProviderImpl/DefaultRuntimePlugin [roughlyenoughitems]/"
[10:32:53] [Worker-Main-9/DEBUG] [START] Reloading Section: "reloadable-plugin/FluidSupportProviderImpl/DefaultRuntimePlugin [roughlyenoughitems]/" done in 4.820 μs
[10:32:53] [Worker-Main-9/DEBUG] [START] Reloading Section: "reloadable-plugin/FluidSupportProviderImpl/" done in 999.1 μs
[10:32:53] [Worker-Main-9/DEBUG] [START] Reloading Section: "end-reload/"
[10:32:53] [Worker-Main-9/DEBUG] [START] Reloading Section: "end-reload/EntryTypeRegistryImpl/"
[10:32:53] [Worker-Main-9/DEBUG] [START] Reloading Section: "end-reload/EntryTypeRegistryImpl/" done in 7.787 μs
[10:32:53] [Worker-Main-9/DEBUG] [START] Reloading Section: "end-reload/EntrySettingsAdapterRegistryImpl/"
[10:32:53] [Worker-Main-9/DEBUG] [START] Reloading Section: "end-reload/EntrySettingsAdapterRegistryImpl/" done in 3.827 μs
[10:32:53] [Worker-Main-9/DEBUG] [START] Reloading Section: "end-reload/RecipeManagerContextImpl/"
[10:32:53] [Worker-Main-9/DEBUG] [START] Reloading Section: "end-reload/RecipeManagerContextImpl/" done in 3.797 μs
[10:32:53] [Worker-Main-9/DEBUG] [START] Reloading Section: "end-reload/ItemComparatorRegistryImpl/"
[10:32:53] [Worker-Main-9/DEBUG] [START] Reloading Section: "end-reload/ItemComparatorRegistryImpl/" done in 3.864 μs
[10:32:53] [Worker-Main-9/DEBUG] [START] Reloading Section: "end-reload/FluidComparatorRegistryImpl/"
[10:32:53] [Worker-Main-9/DEBUG] [START] Reloading Section: "end-reload/FluidComparatorRegistryImpl/" done in 3.635 μs
[10:32:53] [Worker-Main-9/DEBUG] [START] Reloading Section: "end-reload/DisplaySerializerRegistryImpl/"
[10:32:53] [Worker-Main-9/DEBUG] [START] Reloading Section: "end-reload/DisplaySerializerRegistryImpl/" done in 3.654 μs
[10:32:53] [Worker-Main-9/DEBUG] [START] Reloading Section: "end-reload/FluidSupportProviderImpl/"
[10:32:53] [Worker-Main-9/DEBUG] [START] Reloading Section: "end-reload/FluidSupportProviderImpl/" done in 3.741 μs
[10:32:53] [Worker-Main-9/DEBUG] [START] Reloading Section: "end-reload/" done in 541.9 μs
[10:32:53] [Worker-Main-9/INFO] Reloaded Plugin Manager [REIPlugin] with 2 entry types, 5 item comparators, 0 fluid comparators and 2 fluid support providers in 12ms.
[10:32:53] [Worker-Main-9/DEBUG] [START] Reloading Section: "start-reload/"
[10:32:53] [Worker-Main-9/DEBUG] [START] Reloading Section: "start-reload/MenuInfoRegistryImpl/"
[10:32:53] [Worker-Main-9/DEBUG] [START] Reloading Section: "start-reload/MenuInfoRegistryImpl/" done in 5.031 μs
[10:32:53] [Worker-Main-9/DEBUG] [START] Reloading Section: "start-reload/" done in 81.51 μs
[10:32:53] [Worker-Main-9/INFO] Reloading Plugin Manager [REIServerPlugin] stage [START], registered 3 plugins: DefaultRuntimePlugin [roughlyenoughitems], JEIExtraPlugin [roughlyenoughitems], DefaultPlugin [roughlyenoughitems]
[10:32:53] [Worker-Main-9/DEBUG] [START] Reloading Section: "reloadable-plugin/MenuInfoRegistryImpl/"
[10:32:53] [Worker-Main-9/DEBUG] [START] Reloading Section: "reloadable-plugin/MenuInfoRegistryImpl/DefaultPlugin [roughlyenoughitems]/"
[10:32:53] [Worker-Main-9/DEBUG] [START] Reloading Section: "reloadable-plugin/MenuInfoRegistryImpl/DefaultPlugin [roughlyenoughitems]/" done in 5.232 μs
[10:32:53] [Worker-Main-9/DEBUG] [START] Reloading Section: "reloadable-plugin/MenuInfoRegistryImpl/JEIExtraPlugin [roughlyenoughitems]/"
[10:32:53] [Worker-Main-9/DEBUG] [START] Reloading Section: "reloadable-plugin/MenuInfoRegistryImpl/JEIExtraPlugin [roughlyenoughitems]/" done in 4.620 μs
[10:32:53] [Worker-Main-9/DEBUG] [START] Reloading Section: "reloadable-plugin/MenuInfoRegistryImpl/DefaultRuntimePlugin [roughlyenoughitems]/"
[10:32:53] [Worker-Main-9/DEBUG] [START] Reloading Section: "reloadable-plugin/MenuInfoRegistryImpl/DefaultRuntimePlugin [roughlyenoughitems]/" done in 4.195 μs
[10:32:53] [Worker-Main-9/DEBUG] [START] Reloading Section: "reloadable-plugin/MenuInfoRegistryImpl/" done in 207.7 μs
[10:32:53] [Worker-Main-9/DEBUG] [START] Reloading Section: "end-reload/"
[10:32:53] [Worker-Main-9/DEBUG] [START] Reloading Section: "end-reload/MenuInfoRegistryImpl/"
[10:32:53] [Worker-Main-9/DEBUG] [START] Reloading Section: "end-reload/MenuInfoRegistryImpl/" done in 4.236 μs
[10:32:53] [Worker-Main-9/DEBUG] [START] Reloading Section: "end-reload/" done in 72.84 μs
[10:32:53] [Worker-Main-9/INFO] Reloaded Plugin Manager [REIServerPlugin] with 0 menu infos in 1ms.
[10:32:53] [Worker-Main-9/DEBUG] [START] Reloading Section: "post-register/"
[10:32:53] [Worker-Main-9/DEBUG] [START] Reloading Section: "post-register/DefaultPlugin [roughlyenoughitems]/"
[10:32:53] [Worker-Main-9/DEBUG] [START] Reloading Section: "post-register/DefaultPlugin [roughlyenoughitems]/" done in 9.148 μs
[10:32:53] [Worker-Main-9/DEBUG] [START] Reloading Section: "post-register/JEIExtraPlugin [roughlyenoughitems]/"
[10:32:53] [Worker-Main-9/DEBUG] [START] Reloading Section: "post-register/JEIExtraPlugin [roughlyenoughitems]/" done in 4.432 μs
[10:32:53] [Worker-Main-9/DEBUG] [START] Reloading Section: "post-register/DefaultRuntimePlugin [roughlyenoughitems]/"
[10:32:53] [Worker-Main-9/DEBUG] [START] Reloading Section: "post-register/DefaultRuntimePlugin [roughlyenoughitems]/" done in 4.118 μs
[10:32:53] [Worker-Main-9/DEBUG] [START] Reloading Section: "post-register/" done in 390.9 μs
[10:32:53] [Worker-Main-9/DEBUG] [START] Reloading Section: "post-register/"
[10:32:53] [Worker-Main-9/DEBUG] [START] Reloading Section: "post-register/DefaultPlugin [roughlyenoughitems]/"
[10:32:53] [Worker-Main-9/DEBUG] [START] Reloading Section: "post-register/DefaultPlugin [roughlyenoughitems]/" done in 4.130 μs
[10:32:53] [Worker-Main-9/DEBUG] [START] Reloading Section: "post-register/JEIExtraPlugin [roughlyenoughitems]/"
[10:32:53] [Worker-Main-9/DEBUG] [START] Reloading Section: "post-register/JEIExtraPlugin [roughlyenoughitems]/" done in 3.750 μs
[10:32:53] [Worker-Main-9/DEBUG] [START] Reloading Section: "post-register/DefaultRuntimePlugin [roughlyenoughitems]/"
[10:32:53] [Worker-Main-9/DEBUG] [START] Reloading Section: "post-register/DefaultRuntimePlugin [roughlyenoughitems]/" done in 3.422 μs
[10:32:53] [Worker-Main-9/DEBUG] [START] Reloading Section: "post-register/" done in 177.2 μs
[10:32:53] [Worker-Main-9/DEBUG] [END] Reloading Section: "pre-register/"
[10:32:53] [Worker-Main-9/DEBUG] [END] Reloading Section: "pre-register/DefaultPlugin [roughlyenoughitems]/"
[10:32:53] [Worker-Main-9/DEBUG] [END] Reloading Section: "pre-register/DefaultPlugin [roughlyenoughitems]/" done in 3.957 μs
[10:32:53] [Worker-Main-9/DEBUG] [END] Reloading Section: "pre-register/JEIExtraPlugin [roughlyenoughitems]/"
[10:32:53] [Worker-Main-9/DEBUG] [END] Reloading Section: "pre-register/JEIExtraPlugin [roughlyenoughitems]/" done in 4.529 μs
[10:32:53] [Worker-Main-9/DEBUG] [END] Reloading Section: "pre-register/DefaultRuntimePlugin [roughlyenoughitems]/"
[10:32:53] [Worker-Main-9/DEBUG] [END] Reloading Section: "pre-register/DefaultRuntimePlugin [roughlyenoughitems]/" done in 3.274 μs
[10:32:53] [Worker-Main-9/DEBUG] [END] Reloading Section: "pre-register/" done in 163.7 μs
[10:32:53] [Worker-Main-9/DEBUG] [END] Reloading Section: "pre-register/"
[10:32:53] [Worker-Main-9/DEBUG] [END] Reloading Section: "pre-register/DefaultPlugin [roughlyenoughitems]/"
[10:32:53] [Worker-Main-9/DEBUG] [END] Reloading Section: "pre-register/DefaultPlugin [roughlyenoughitems]/" done in 3.422 μs
[10:32:53] [Worker-Main-9/DEBUG] [END] Reloading Section: "pre-register/JEIExtraPlugin [roughlyenoughitems]/"
[10:32:53] [Worker-Main-9/DEBUG] [END] Reloading Section: "pre-register/JEIExtraPlugin [roughlyenoughitems]/" done in 3.387 μs
[10:32:53] [Worker-Main-9/DEBUG] [END] Reloading Section: "pre-register/DefaultRuntimePlugin [roughlyenoughitems]/"
[10:32:53] [Worker-Main-9/DEBUG] [END] Reloading Section: "pre-register/DefaultRuntimePlugin [roughlyenoughitems]/" done in 3.409 μs
[10:32:53] [Worker-Main-9/DEBUG] [END] Reloading Section: "pre-register/" done in 162.3 μs
[10:32:53] [Worker-Main-9/DEBUG] [END] Reloading Section: "start-reload/"
[10:32:53] [Worker-Main-9/DEBUG] [END] Reloading Section: "start-reload/EntryTypeRegistryImpl/"
[10:32:53] [Worker-Main-9/DEBUG] [END] Reloading Section: "start-reload/EntryTypeRegistryImpl/" done in 3.541 μs
[10:32:53] [Worker-Main-9/DEBUG] [END] Reloading Section: "start-reload/EntrySettingsAdapterRegistryImpl/"
[10:32:53] [Worker-Main-9/DEBUG] [END] Reloading Section: "start-reload/EntrySettingsAdapterRegistryImpl/" done in 12.21 μs
[10:32:53] [Worker-Main-9/DEBUG] [END] Reloading Section: "start-reload/RecipeManagerContextImpl/"
[10:32:53] [Worker-Main-9/DEBUG] [END] Reloading Section: "start-reload/RecipeManagerContextImpl/" done in 5.297 μs
[10:32:53] [Worker-Main-9/DEBUG] [END] Reloading Section: "start-reload/ItemComparatorRegistryImpl/"
[10:32:53] [Worker-Main-9/DEBUG] [END] Reloading Section: "start-reload/ItemComparatorRegistryImpl/" done in 3.247 μs
[10:32:53] [Worker-Main-9/DEBUG] [END] Reloading Section: "start-reload/FluidComparatorRegistryImpl/"
[10:32:53] [Worker-Main-9/DEBUG] [END] Reloading Section: "start-reload/FluidComparatorRegistryImpl/" done in 3.342 μs
[10:32:53] [Worker-Main-9/DEBUG] [END] Reloading Section: "start-reload/DisplaySerializerRegistryImpl/"
[10:32:53] [Worker-Main-9/DEBUG] [END] Reloading Section: "start-reload/DisplaySerializerRegistryImpl/" done in 8.877 μs
[10:32:53] [Worker-Main-9/DEBUG] [END] Reloading Section: "start-reload/FluidSupportProviderImpl/"
[10:32:53] [Worker-Main-9/DEBUG] [END] Reloading Section: "start-reload/FluidSupportProviderImpl/" done in 3.311 μs
[10:32:53] [Worker-Main-9/DEBUG] [END] Reloading Section: "start-reload/" done in 631.3 μs
[10:32:53] [Worker-Main-9/INFO] Reloading Plugin Manager [REIPlugin] stage [END], registered 3 plugins: DefaultRuntimePlugin [roughlyenoughitems], JEIExtraPlugin [roughlyenoughitems], DefaultPlugin [roughlyenoughitems]
[10:32:53] [Worker-Main-9/DEBUG] [END] Reloading Section: "reloadable-plugin/EntryTypeRegistryImpl/"
[10:32:53] [Worker-Main-9/DEBUG] [END] Reloading Section: "reloadable-plugin/EntryTypeRegistryImpl/DefaultPlugin [roughlyenoughitems]/"
[10:32:53] [Worker-Main-9/DEBUG] [END] Reloading Section: "reloadable-plugin/EntryTypeRegistryImpl/DefaultPlugin [roughlyenoughitems]/" done in 5.039 μs
[10:32:53] [Worker-Main-9/DEBUG] [END] Reloading Section: "reloadable-plugin/EntryTypeRegistryImpl/JEIExtraPlugin [roughlyenoughitems]/"
[10:32:53] [Worker-Main-9/DEBUG] [END] Reloading Section: "reloadable-plugin/EntryTypeRegistryImpl/JEIExtraPlugin [roughlyenoughitems]/" done in 3.896 μs
[10:32:53] [Worker-Main-9/DEBUG] [END] Reloading Section: "reloadable-plugin/EntryTypeRegistryImpl/DefaultRuntimePlugin [roughlyenoughitems]/"
[10:32:53] [Worker-Main-9/DEBUG] [END] Reloading Section: "reloadable-plugin/EntryTypeRegistryImpl/DefaultRuntimePlugin [roughlyenoughitems]/" done in 3.614 μs
[10:32:53] [Worker-Main-9/DEBUG] [END] Reloading Section: "reloadable-plugin/EntryTypeRegistryImpl/" done in 158.1 μs
[10:32:53] [Worker-Main-9/DEBUG] [END] Reloading Section: "reloadable-plugin/EntrySettingsAdapterRegistryImpl/"
[10:32:53] [Worker-Main-9/DEBUG] [END] Reloading Section: "reloadable-plugin/EntrySettingsAdapterRegistryImpl/DefaultPlugin [roughlyenoughitems]/"
[10:32:53] [Worker-Main-9/DEBUG] [END] Reloading Section: "reloadable-plugin/EntrySettingsAdapterRegistryImpl/DefaultPlugin [roughlyenoughitems]/" done in 8.861 μs
[10:32:53] [Worker-Main-9/DEBUG] [END] Reloading Section: "reloadable-plugin/EntrySettingsAdapterRegistryImpl/JEIExtraPlugin [roughlyenoughitems]/"
[10:32:53] [Worker-Main-9/DEBUG] [END] Reloading Section: "reloadable-plugin/EntrySettingsAdapterRegistryImpl/JEIExtraPlugin [roughlyenoughitems]/" done in 3.958 μs
[10:32:53] [Worker-Main-9/DEBUG] [END] Reloading Section: "reloadable-plugin/EntrySettingsAdapterRegistryImpl/DefaultRuntimePlugin [roughlyenoughitems]/"
[10:32:53] [Worker-Main-9/DEBUG] [END] Reloading Section: "reloadable-plugin/EntrySettingsAdapterRegistryImpl/DefaultRuntimePlugin [roughlyenoughitems]/" done in 3.695 μs
[10:32:53] [Worker-Main-9/DEBUG] [END] Reloading Section: "reloadable-plugin/EntrySettingsAdapterRegistryImpl/" done in 154.7 μs
[10:32:53] [Worker-Main-9/DEBUG] [END] Reloading Section: "reloadable-plugin/RecipeManagerContextImpl/"
[10:32:53] [Worker-Main-9/DEBUG] [END] Reloading Section: "reloadable-plugin/RecipeManagerContextImpl/DefaultPlugin [roughlyenoughitems]/"
[10:32:53] [Worker-Main-9/DEBUG] [END] Reloading Section: "reloadable-plugin/RecipeManagerContextImpl/DefaultPlugin [roughlyenoughitems]/" done in 21.98 μs
[10:32:53] [Worker-Main-9/DEBUG] [END] Reloading Section: "reloadable-plugin/RecipeManagerContextImpl/JEIExtraPlugin [roughlyenoughitems]/"
[10:32:53] [Worker-Main-9/DEBUG] [END] Reloading Section: "reloadable-plugin/RecipeManagerContextImpl/JEIExtraPlugin [roughlyenoughitems]/" done in 3.869 μs
[10:32:53] [Worker-Main-9/DEBUG] [END] Reloading Section: "reloadable-plugin/RecipeManagerContextImpl/DefaultRuntimePlugin [roughlyenoughitems]/"
[10:32:53] [Worker-Main-9/DEBUG] [END] Reloading Section: "reloadable-plugin/RecipeManagerContextImpl/DefaultRuntimePlugin [roughlyenoughitems]/" done in 3.523 μs
[10:32:53] [Worker-Main-9/DEBUG] [END] Reloading Section: "reloadable-plugin/RecipeManagerContextImpl/" done in 168.0 μs
[10:32:53] [Worker-Main-9/DEBUG] [END] Reloading Section: "reloadable-plugin/ItemComparatorRegistryImpl/"
[10:32:53] [Worker-Main-9/DEBUG] [END] Reloading Section: "reloadable-plugin/ItemComparatorRegistryImpl/DefaultPlugin [roughlyenoughitems]/"
[10:32:53] [Worker-Main-9/DEBUG] [END] Reloading Section: "reloadable-plugin/ItemComparatorRegistryImpl/DefaultPlugin [roughlyenoughitems]/" done in 3.854 μs
[10:32:53] [Worker-Main-9/DEBUG] [END] Reloading Section: "reloadable-plugin/ItemComparatorRegistryImpl/JEIExtraPlugin [roughlyenoughitems]/"
[10:32:53] [Worker-Main-9/DEBUG] [END] Reloading Section: "reloadable-plugin/ItemComparatorRegistryImpl/JEIExtraPlugin [roughlyenoughitems]/" done in 8.225 μs
[10:32:53] [Worker-Main-9/DEBUG] [END] Reloading Section: "reloadable-plugin/ItemComparatorRegistryImpl/DefaultRuntimePlugin [roughlyenoughitems]/"
[10:32:53] [Worker-Main-9/DEBUG] [END] Reloading Section: "reloadable-plugin/ItemComparatorRegistryImpl/DefaultRuntimePlugin [roughlyenoughitems]/" done in 3.330 μs
[10:32:53] [Worker-Main-9/DEBUG] [END] Reloading Section: "reloadable-plugin/ItemComparatorRegistryImpl/" done in 167.4 μs
[10:32:53] [Worker-Main-9/DEBUG] [END] Reloading Section: "reloadable-plugin/FluidComparatorRegistryImpl/"
[10:32:53] [Worker-Main-9/DEBUG] [END] Reloading Section: "reloadable-plugin/FluidComparatorRegistryImpl/DefaultPlugin [roughlyenoughitems]/"
[10:32:53] [Worker-Main-9/DEBUG] [END] Reloading Section: "reloadable-plugin/FluidComparatorRegistryImpl/DefaultPlugin [roughlyenoughitems]/" done in 3.360 μs
[10:32:53] [Worker-Main-9/DEBUG] [END] Reloading Section: "reloadable-plugin/FluidComparatorRegistryImpl/JEIExtraPlugin [roughlyenoughitems]/"
[10:32:53] [Worker-Main-9/DEBUG] [END] Reloading Section: "reloadable-plugin/FluidComparatorRegistryImpl/JEIExtraPlugin [roughlyenoughitems]/" done in 3.272 μs
[10:32:53] [Worker-Main-9/DEBUG] [END] Reloading Section: "reloadable-plugin/FluidComparatorRegistryImpl/DefaultRuntimePlugin [roughlyenoughitems]/"
[10:32:53] [Worker-Main-9/DEBUG] [END] Reloading Section: "reloadable-plugin/FluidComparatorRegistryImpl/DefaultRuntimePlugin [roughlyenoughitems]/" done in 3.223 μs
[10:32:53] [Worker-Main-9/DEBUG] [END] Reloading Section: "reloadable-plugin/FluidComparatorRegistryImpl/" done in 193.9 μs
[10:32:53] [Worker-Main-9/DEBUG] [END] Reloading Section: "reloadable-plugin/DisplaySerializerRegistryImpl/"
[10:32:53] [Worker-Main-9/DEBUG] [END] Reloading Section: "reloadable-plugin/DisplaySerializerRegistryImpl/DefaultPlugin [roughlyenoughitems]/"
[10:32:53] [Worker-Main-9/DEBUG] [END] Reloading Section: "reloadable-plugin/DisplaySerializerRegistryImpl/DefaultPlugin [roughlyenoughitems]/" done in 12.94 ms
[10:32:53] [Worker-Main-9/DEBUG] [END] Reloading Section: "reloadable-plugin/DisplaySerializerRegistryImpl/JEIExtraPlugin [roughlyenoughitems]/"
[10:32:53] [Worker-Main-9/DEBUG] [END] Reloading Section: "reloadable-plugin/DisplaySerializerRegistryImpl/JEIExtraPlugin [roughlyenoughitems]/" done in 11.04 μs
[10:32:53] [Worker-Main-9/DEBUG] [END] Reloading Section: "reloadable-plugin/DisplaySerializerRegistryImpl/DefaultRuntimePlugin [roughlyenoughitems]/"
[10:32:53] [Worker-Main-9/DEBUG] [END] Reloading Section: "reloadable-plugin/DisplaySerializerRegistryImpl/DefaultRuntimePlugin [roughlyenoughitems]/" done in 3.541 μs
[10:32:53] [Worker-Main-9/DEBUG] [END] Reloading Section: "reloadable-plugin/DisplaySerializerRegistryImpl/" done in 13.18 ms
[10:32:53] [Worker-Main-9/DEBUG] [END] Reloading Section: "reloadable-plugin/FluidSupportProviderImpl/"
[10:32:53] [Worker-Main-9/DEBUG] [END] Reloading Section: "reloadable-plugin/FluidSupportProviderImpl/DefaultPlugin [roughlyenoughitems]/"
[10:32:53] [Worker-Main-9/DEBUG] [END] Reloading Section: "reloadable-plugin/FluidSupportProviderImpl/DefaultPlugin [roughlyenoughitems]/" done in 3.793 μs
[10:32:53] [Worker-Main-9/DEBUG] [END] Reloading Section: "reloadable-plugin/FluidSupportProviderImpl/JEIExtraPlugin [roughlyenoughitems]/"
[10:32:53] [Worker-Main-9/DEBUG] [END] Reloading Section: "reloadable-plugin/FluidSupportProviderImpl/JEIExtraPlugin [roughlyenoughitems]/" done in 3.429 μs
[10:32:53] [Worker-Main-9/DEBUG] [END] Reloading Section: "reloadable-plugin/FluidSupportProviderImpl/DefaultRuntimePlugin [roughlyenoughitems]/"
[10:32:53] [Worker-Main-9/DEBUG] [END] Reloading Section: "reloadable-plugin/FluidSupportProviderImpl/DefaultRuntimePlugin [roughlyenoughitems]/" done in 3.139 μs
[10:32:53] [Worker-Main-9/DEBUG] [END] Reloading Section: "reloadable-plugin/FluidSupportProviderImpl/" done in 127.7 μs
[10:32:53] [Worker-Main-9/DEBUG] [END] Reloading Section: "end-reload/"
[10:32:53] [Worker-Main-9/DEBUG] [END] Reloading Section: "end-reload/EntryTypeRegistryImpl/"
[10:32:53] [Worker-Main-9/DEBUG] [END] Reloading Section: "end-reload/EntryTypeRegistryImpl/" done in 3.757 μs
[10:32:53] [Worker-Main-9/DEBUG] [END] Reloading Section: "end-reload/EntrySettingsAdapterRegistryImpl/"
[10:32:53] [Worker-Main-9/DEBUG] [END] Reloading Section: "end-reload/EntrySettingsAdapterRegistryImpl/" done in 3.040 μs
[10:32:53] [Worker-Main-9/DEBUG] [END] Reloading Section: "end-reload/RecipeManagerContextImpl/"
[10:32:53] [Worker-Main-9/DEBUG] [END] Reloading Section: "end-reload/RecipeManagerContextImpl/" done in 2.889 μs
[10:32:53] [Worker-Main-9/DEBUG] [END] Reloading Section: "end-reload/ItemComparatorRegistryImpl/"
[10:32:53] [Worker-Main-9/DEBUG] [END] Reloading Section: "end-reload/ItemComparatorRegistryImpl/" done in 3.336 μs
[10:32:53] [Worker-Main-9/DEBUG] [END] Reloading Section: "end-reload/FluidComparatorRegistryImpl/"
[10:32:53] [Worker-Main-9/DEBUG] [END] Reloading Section: "end-reload/FluidComparatorRegistryImpl/" done in 2.780 μs
[10:32:53] [Worker-Main-9/DEBUG] [END] Reloading Section: "end-reload/DisplaySerializerRegistryImpl/"
[10:32:53] [Worker-Main-9/DEBUG] [END] Reloading Section: "end-reload/DisplaySerializerRegistryImpl/" done in 2.673 μs
[10:32:53] [Worker-Main-9/DEBUG] [END] Reloading Section: "end-reload/FluidSupportProviderImpl/"
[10:32:53] [Worker-Main-9/DEBUG] [END] Reloading Section: "end-reload/FluidSupportProviderImpl/" done in 2.757 μs
[10:32:53] [Worker-Main-9/DEBUG] [END] Reloading Section: "end-reload/" done in 301.0 μs
[10:32:53] [Worker-Main-9/INFO] Reloaded Plugin Manager [REIPlugin] with 2 entry types, 5 item comparators, 0 fluid comparators and 2 fluid support providers in 15ms.
[10:32:53] [Worker-Main-9/DEBUG] [END] Reloading Section: "start-reload/"
[10:32:53] [Worker-Main-9/DEBUG] [END] Reloading Section: "start-reload/MenuInfoRegistryImpl/"
[10:32:53] [Worker-Main-9/DEBUG] [END] Reloading Section: "start-reload/MenuInfoRegistryImpl/" done in 9.929 μs
[10:32:53] [Worker-Main-9/DEBUG] [END] Reloading Section: "start-reload/" done in 119.5 μs
[10:32:53] [Worker-Main-9/INFO] Reloading Plugin Manager [REIServerPlugin] stage [END], registered 3 plugins: DefaultRuntimePlugin [roughlyenoughitems], JEIExtraPlugin [roughlyenoughitems], DefaultPlugin [roughlyenoughitems]
[10:32:53] [Worker-Main-9/DEBUG] [END] Reloading Section: "reloadable-plugin/MenuInfoRegistryImpl/"
[10:32:53] [Worker-Main-9/DEBUG] [END] Reloading Section: "reloadable-plugin/MenuInfoRegistryImpl/DefaultPlugin [roughlyenoughitems]/"
[10:32:53] [Worker-Main-9/DEBUG] [END] Reloading Section: "reloadable-plugin/MenuInfoRegistryImpl/DefaultPlugin [roughlyenoughitems]/" done in 3.187 ms
[10:32:53] [Worker-Main-9/DEBUG] [END] Reloading Section: "reloadable-plugin/MenuInfoRegistryImpl/JEIExtraPlugin [roughlyenoughitems]/"
[10:32:53] [Worker-Main-9/DEBUG] [END] Reloading Section: "reloadable-plugin/MenuInfoRegistryImpl/JEIExtraPlugin [roughlyenoughitems]/" done in 454.7 μs
[10:32:53] [Worker-Main-9/DEBUG] [END] Reloading Section: "reloadable-plugin/MenuInfoRegistryImpl/DefaultRuntimePlugin [roughlyenoughitems]/"
[10:32:53] [Worker-Main-9/DEBUG] [END] Reloading Section: "reloadable-plugin/MenuInfoRegistryImpl/DefaultRuntimePlugin [roughlyenoughitems]/" done in 5.251 μs
[10:32:53] [Worker-Main-9/DEBUG] [END] Reloading Section: "reloadable-plugin/MenuInfoRegistryImpl/" done in 3.913 ms
[10:32:53] [Worker-Main-9/DEBUG] [END] Reloading Section: "end-reload/"
[10:32:53] [Worker-Main-9/DEBUG] [END] Reloading Section: "end-reload/MenuInfoRegistryImpl/"
[10:32:53] [Worker-Main-9/DEBUG] [END] Reloading Section: "end-reload/MenuInfoRegistryImpl/" done in 7.961 μs
[10:32:53] [Worker-Main-9/DEBUG] [END] Reloading Section: "end-reload/" done in 52.88 μs
[10:32:53] [Worker-Main-9/INFO] Reloaded Plugin Manager [REIServerPlugin] with 5 menu infos in 5ms.
[10:32:53] [Worker-Main-9/DEBUG] [END] Reloading Section: "post-register/"
[10:32:53] [Worker-Main-9/DEBUG] [END] Reloading Section: "post-register/DefaultPlugin [roughlyenoughitems]/"
[10:32:53] [Worker-Main-9/DEBUG] [END] Reloading Section: "post-register/DefaultPlugin [roughlyenoughitems]/" done in 4.263 μs
[10:32:53] [Worker-Main-9/DEBUG] [END] Reloading Section: "post-register/JEIExtraPlugin [roughlyenoughitems]/"
[10:32:53] [Worker-Main-9/DEBUG] [END] Reloading Section: "post-register/JEIExtraPlugin [roughlyenoughitems]/" done in 3.323 μs
[10:32:53] [Worker-Main-9/DEBUG] [END] Reloading Section: "post-register/DefaultRuntimePlugin [roughlyenoughitems]/"
[10:32:53] [Worker-Main-9/DEBUG] [END] Reloading Section: "post-register/DefaultRuntimePlugin [roughlyenoughitems]/" done in 3.019 μs
[10:32:53] [Worker-Main-9/DEBUG] [END] Reloading Section: "post-register/" done in 117.4 μs
[10:32:53] [Worker-Main-9/DEBUG] [END] Reloading Section: "post-register/"
[10:32:53] [Worker-Main-9/DEBUG] [END] Reloading Section: "post-register/DefaultPlugin [roughlyenoughitems]/"
[10:32:53] [Worker-Main-9/DEBUG] [END] Reloading Section: "post-register/DefaultPlugin [roughlyenoughitems]/" done in 3.154 μs
[10:32:53] [Worker-Main-9/DEBUG] [END] Reloading Section: "post-register/JEIExtraPlugin [roughlyenoughitems]/"
[10:32:53] [Worker-Main-9/DEBUG] [END] Reloading Section: "post-register/JEIExtraPlugin [roughlyenoughitems]/" done in 3.026 μs
[10:32:53] [Worker-Main-9/DEBUG] [END] Reloading Section: "post-register/DefaultRuntimePlugin [roughlyenoughitems]/"
[10:32:53] [Worker-Main-9/DEBUG] [END] Reloading Section: "post-register/DefaultRuntimePlugin [roughlyenoughitems]/" done in 3.218 μs
[10:32:53] [Worker-Main-9/DEBUG] [END] Reloading Section: "post-register/" done in 123.1 μs
